app/build/intermediates/manifest_merge_blame_file/debug/processDebugMainManifest/manifest-merger-blame-debug-report.txt
1<?xml version="1.0" encoding="utf-8"?>
2<manifest xmlns:android="http://schemas.android.com/apk/res/android"
3    package="com.id.newsapp"
4    android:versionCode="1"
5    android:versionName="1.0" >
6
7    <uses-sdk
8        android:minSdkVersion="24"
9        android:targetSdkVersion="34" />
10
11    <uses-permission android:name="android.permission.INTERNET" />
11-->src/main/AndroidManifest.xml:5:5-66
11-->src/main/AndroidManifest.xml:5:22-64
12    <uses-permission android:name="android.permission.POST_NOTIFICATIONS" />
12-->src/main/AndroidManifest.xml:6:5-77
12-->src/main/AndroidManifest.xml:6:22-74
13
14    <queries>
14-->[com.github.chuckerteam.chucker:library:4.0.0] AndroidManifest.xml:7:5-13:15
15        <intent>
15-->[com.github.chuckerteam.chucker:library:4.0.0] AndroidManifest.xml:8:9-12:18
16            <action android:name="android.intent.action.CREATE_DOCUMENT" />
16-->[com.github.chuckerteam.chucker:library:4.0.0] AndroidManifest.xml:9:13-76
16-->[com.github.chuckerteam.chucker:library:4.0.0] AndroidManifest.xml:9:21-73
17
18            <data android:mimeType="*/*" />
18-->[com.github.chuckerteam.chucker:library:4.0.0] AndroidManifest.xml:11:13-44
18-->[com.github.chuckerteam.chucker:library:4.0.0] AndroidManifest.xml:11:19-41
19        </intent>
20    </queries>
21
22    <uses-permission
22-->[com.github.chuckerteam.chucker:library:4.0.0] AndroidManifest.xml:15:5-17:38
23        android:name="android.permission.WAKE_LOCK"
23-->[com.github.chuckerteam.chucker:library:4.0.0] AndroidManifest.xml:16:9-52
24        android:maxSdkVersion="25" />
24-->[com.github.chuckerteam.chucker:library:4.0.0] AndroidManifest.xml:17:9-35
25
26    <permission
26-->[androidx.core:core:1.13.0] AndroidManifest.xml:22:5-24:47
27        android:name="com.id.newsapp.DYNAMIC_RECEIVER_NOT_EXPORTED_PERMISSION"
27-->[androidx.core:core:1.13.0] AndroidManifest.xml:23:9-81
28        android:protectionLevel="signature" />
28-->[androidx.core:core:1.13.0] AndroidManifest.xml:24:9-44
29
30    <uses-permission android:name="com.id.newsapp.DYNAMIC_RECEIVER_NOT_EXPORTED_PERMISSION" />
30-->[androidx.core:core:1.13.0] AndroidManifest.xml:26:5-97
30-->[androidx.core:core:1.13.0] AndroidManifest.xml:26:22-94
31
32    <application
32-->src/main/AndroidManifest.xml:8:5-32:19
33        android:name="com.id.newsapp.MyApplication"
33-->src/main/AndroidManifest.xml:9:9-38
34        android:allowBackup="false"
34-->src/main/AndroidManifest.xml:10:9-36
35        android:appComponentFactory="androidx.core.app.CoreComponentFactory"
35-->[androidx.core:core:1.13.0] AndroidManifest.xml:28:18-86
36        android:dataExtractionRules="@xml/data_extraction_rules"
36-->src/main/AndroidManifest.xml:12:9-65
37        android:debuggable="true"
38        android:extractNativeLibs="false"
39        android:fullBackupContent="@xml/backup_rules"
39-->src/main/AndroidManifest.xml:13:9-54
40        android:icon="@mipmap/ic_launcher"
40-->src/main/AndroidManifest.xml:14:9-43
41        android:label="@string/app_name"
41-->src/main/AndroidManifest.xml:15:9-41
42        android:roundIcon="@mipmap/ic_launcher_round"
42-->src/main/AndroidManifest.xml:16:9-54
43        android:supportsRtl="true"
43-->src/main/AndroidManifest.xml:17:9-35
44        android:theme="@style/Theme.NewsApp" >
44-->src/main/AndroidManifest.xml:18:9-45
45        <activity
45-->src/main/AndroidManifest.xml:20:9-30:20
46            android:name="com.id.newsapp.MainActivity"
46-->src/main/AndroidManifest.xml:21:13-41
47            android:exported="true"
47-->src/main/AndroidManifest.xml:22:13-36
48            android:label="@string/app_name"
48-->src/main/AndroidManifest.xml:23:13-45
49            android:theme="@style/Theme.NewsApp" >
49-->src/main/AndroidManifest.xml:24:13-49
50            <intent-filter>
50-->src/main/AndroidManifest.xml:25:13-29:29
51                <action android:name="android.intent.action.MAIN" />
51-->src/main/AndroidManifest.xml:26:17-69
51-->src/main/AndroidManifest.xml:26:25-66
52
53                <category android:name="android.intent.category.LAUNCHER" />
53-->src/main/AndroidManifest.xml:28:17-77
53-->src/main/AndroidManifest.xml:28:27-74
54            </intent-filter>
55        </activity>
56        <activity
56-->[com.github.chuckerteam.chucker:library:4.0.0] AndroidManifest.xml:21:9-26:52
57            android:name="com.chuckerteam.chucker.internal.ui.MainActivity"
57-->[com.github.chuckerteam.chucker:library:4.0.0] AndroidManifest.xml:22:13-76
58            android:label="@string/chucker_name"
58-->[com.github.chuckerteam.chucker:library:4.0.0] AndroidManifest.xml:23:13-49
59            android:launchMode="singleTask"
59-->[com.github.chuckerteam.chucker:library:4.0.0] AndroidManifest.xml:24:13-44
60            android:taskAffinity="com.chuckerteam.chucker.task"
60-->[com.github.chuckerteam.chucker:library:4.0.0] AndroidManifest.xml:25:13-64
61            android:theme="@style/Chucker.Theme" />
61-->[com.github.chuckerteam.chucker:library:4.0.0] AndroidManifest.xml:26:13-49
62        <activity
62-->[com.github.chuckerteam.chucker:library:4.0.0] AndroidManifest.xml:27:9-30:52
63            android:name="com.chuckerteam.chucker.internal.ui.transaction.TransactionActivity"
63-->[com.github.chuckerteam.chucker:library:4.0.0] AndroidManifest.xml:28:13-95
64            android:parentActivityName="com.chuckerteam.chucker.internal.ui.MainActivity"
64-->[com.github.chuckerteam.chucker:library:4.0.0] AndroidManifest.xml:29:13-90
65            android:theme="@style/Chucker.Theme" />
65-->[com.github.chuckerteam.chucker:library:4.0.0] AndroidManifest.xml:30:13-49
66
67        <service
67-->[com.github.chuckerteam.chucker:library:4.0.0] AndroidManifest.xml:32:9-35:72
68            android:name="com.chuckerteam.chucker.internal.support.ClearDatabaseService"
68-->[com.github.chuckerteam.chucker:library:4.0.0] AndroidManifest.xml:33:13-89
69            android:exported="false"
69-->[com.github.chuckerteam.chucker:library:4.0.0] AndroidManifest.xml:34:13-37
70            android:permission="android.permission.BIND_JOB_SERVICE" />
70-->[com.github.chuckerteam.chucker:library:4.0.0] AndroidManifest.xml:35:13-69
71
72        <receiver
72-->[com.github.chuckerteam.chucker:library:4.0.0] AndroidManifest.xml:37:9-39:40
73            android:name="com.chuckerteam.chucker.internal.support.ClearDatabaseJobIntentServiceReceiver"
73-->[com.github.chuckerteam.chucker:library:4.0.0] AndroidManifest.xml:38:13-106
74            android:exported="false" />
74-->[com.github.chuckerteam.chucker:library:4.0.0] AndroidManifest.xml:39:13-37
75
76        <provider
76-->[com.github.chuckerteam.chucker:library:4.0.0] AndroidManifest.xml:41:9-49:20
77            android:name="com.chuckerteam.chucker.internal.support.ChuckerFileProvider"
77-->[com.github.chuckerteam.chucker:library:4.0.0] AndroidManifest.xml:42:13-88
78            android:authorities="com.id.newsapp.com.chuckerteam.chucker.provider"
78-->[com.github.chuckerteam.chucker:library:4.0.0] AndroidManifest.xml:43:13-84
79            android:exported="false"
79-->[com.github.chuckerteam.chucker:library:4.0.0] AndroidManifest.xml:44:13-37
80            android:grantUriPermissions="true" >
80-->[com.github.chuckerteam.chucker:library:4.0.0] AndroidManifest.xml:45:13-47
81            <meta-data
81-->[com.github.chuckerteam.chucker:library:4.0.0] AndroidManifest.xml:46:13-48:66
82                android:name="android.support.FILE_PROVIDER_PATHS"
82-->[com.github.chuckerteam.chucker:library:4.0.0] AndroidManifest.xml:47:17-67
83                android:resource="@xml/chucker_provider_paths" />
83-->[com.github.chuckerteam.chucker:library:4.0.0] AndroidManifest.xml:48:17-63
84        </provider>
85
86        <activity
86-->[androidx.compose.ui:ui-tooling-android:1.6.6] AndroidManifest.xml:23:9-25:39
87            android:name="androidx.compose.ui.tooling.PreviewActivity"
87-->[androidx.compose.ui:ui-tooling-android:1.6.6] AndroidManifest.xml:24:13-71
88            android:exported="true" />
88-->[androidx.compose.ui:ui-tooling-android:1.6.6] AndroidManifest.xml:25:13-36
89
90        <provider
90-->[androidx.emoji2:emoji2:1.3.0] AndroidManifest.xml:24:9-32:20
91            android:name="androidx.startup.InitializationProvider"
91-->[androidx.emoji2:emoji2:1.3.0] AndroidManifest.xml:25:13-67
92            android:authorities="com.id.newsapp.androidx-startup"
92-->[androidx.emoji2:emoji2:1.3.0] AndroidManifest.xml:26:13-68
93            android:exported="false" >
93-->[androidx.emoji2:emoji2:1.3.0] AndroidManifest.xml:27:13-37
94            <meta-data
94-->[androidx.emoji2:emoji2:1.3.0] AndroidManifest.xml:29:13-31:52
95                android:name="androidx.emoji2.text.EmojiCompatInitializer"
95-->[androidx.emoji2:emoji2:1.3.0] AndroidManifest.xml:30:17-75
96                android:value="androidx.startup" />
96-->[androidx.emoji2:emoji2:1.3.0] AndroidManifest.xml:31:17-49
97            <meta-data
97-->[androidx.lifecycle:lifecycle-process:2.8.7] AndroidManifest.xml:29:13-31:52
98                android:name="androidx.lifecycle.ProcessLifecycleInitializer"
98-->[androidx.lifecycle:lifecycle-process:2.8.7] AndroidManifest.xml:30:17-78
99                android:value="androidx.startup" />
99-->[androidx.lifecycle:lifecycle-process:2.8.7] AndroidManifest.xml:31:17-49
100            <meta-data
100-->[androidx.profileinstaller:profileinstaller:1.3.1] AndroidManifest.xml:29:13-31:52
101                android:name="androidx.profileinstaller.ProfileInstallerInitializer"
101-->[androidx.profileinstaller:profileinstaller:1.3.1] AndroidManifest.xml:30:17-85
102                android:value="androidx.startup" />
102-->[androidx.profileinstaller:profileinstaller:1.3.1] AndroidManifest.xml:31:17-49
103        </provider>
104
105        <activity
105-->[androidx.compose.ui:ui-test-manifest:1.6.6] AndroidManifest.xml:23:9-25:39
106            android:name="androidx.activity.ComponentActivity"
106-->[androidx.compose.ui:ui-test-manifest:1.6.6] AndroidManifest.xml:24:13-63
107            android:exported="true" />
107-->[androidx.compose.ui:ui-test-manifest:1.6.6] AndroidManifest.xml:25:13-36
108
109        <service
109-->[androidx.room:room-runtime:2.5.2] AndroidManifest.xml:24:9-28:63
110            android:name="androidx.room.MultiInstanceInvalidationService"
110-->[androidx.room:room-runtime:2.5.2] AndroidManifest.xml:25:13-74
111            android:directBootAware="true"
111-->[androidx.room:room-runtime:2.5.2] AndroidManifest.xml:26:13-43
112            android:exported="false" />
112-->[androidx.room:room-runtime:2.5.2] AndroidManifest.xml:27:13-37
113
114        <receiver
114-->[androidx.profileinstaller:profileinstaller:1.3.1] AndroidManifest.xml:34:9-52:20
115            android:name="androidx.profileinstaller.ProfileInstallReceiver"
115-->[androidx.profileinstaller:profileinstaller:1.3.1] AndroidManifest.xml:35:13-76
116            android:directBootAware="false"
116-->[androidx.profileinstaller:profileinstaller:1.3.1] AndroidManifest.xml:36:13-44
117            android:enabled="true"
117-->[androidx.profileinstaller:profileinstaller:1.3.1] AndroidManifest.xml:37:13-35
118            android:exported="true"
118-->[androidx.profileinstaller:profileinstaller:1.3.1] AndroidManifest.xml:38:13-36
119            android:permission="android.permission.DUMP" >
119-->[androidx.profileinstaller:profileinstaller:1.3.1] AndroidManifest.xml:39:13-57
120            <intent-filter>
120-->[androidx.profileinstaller:profileinstaller:1.3.1] AndroidManifest.xml:40:13-42:29
121                <action android:name="androidx.profileinstaller.action.INSTALL_PROFILE" />
121-->[androidx.profileinstaller:profileinstaller:1.3.1] AndroidManifest.xml:41:17-91
121-->[androidx.profileinstaller:profileinstaller:1.3.1] AndroidManifest.xml:41:25-88
122            </intent-filter>
123            <intent-filter>
123-->[androidx.profileinstaller:profileinstaller:1.3.1] AndroidManifest.xml:43:13-45:29
124                <action android:name="androidx.profileinstaller.action.SKIP_FILE" />
124-->[androidx.profileinstaller:profileinstaller:1.3.1] AndroidManifest.xml:44:17-85
124-->[androidx.profileinstaller:profileinstaller:1.3.1] AndroidManifest.xml:44:25-82
125            </intent-filter>
126            <intent-filter>
126-->[androidx.profileinstaller:profileinstaller:1.3.1] AndroidManifest.xml:46:13-48:29
127                <action android:name="androidx.profileinstaller.action.SAVE_PROFILE" />
127-->[androidx.profileinstaller:profileinstaller:1.3.1] AndroidManifest.xml:47:17-88
127-->[androidx.profileinstaller:profileinstaller:1.3.1] AndroidManifest.xml:47:25-85
128            </intent-filter>
129            <intent-filter>
129-->[androidx.profileinstaller:profileinstaller:1.3.1] AndroidManifest.xml:49:13-51:29
130                <action android:name="androidx.profileinstaller.action.BENCHMARK_OPERATION" />
130-->[androidx.profileinstaller:profileinstaller:1.3.1] AndroidManifest.xml:50:17-95
130-->[androidx.profileinstaller:profileinstaller:1.3.1] AndroidManifest.xml:50:25-92
131            </intent-filter>
132        </receiver>
133    </application>
134
135</manifest>